C51 COMPILER V9.60.7.0   MAIN                                                              03/26/2024 14:16:19 PAGE 1   


C51 COMPILER V9.60.7.0, COMPILATION OF MODULE MAIN
OBJECT MODULE PLACED IN .\Objects\main.obj
COMPILER INVOKED BY: D:\KEIL-C51\C51\BIN\C51.EXE main.c OPTIMIZE(8,SPEED) BROWSE DEBUG OBJECTEXTEND PRINT(.\Listings\mai
                    -n.lst) OBJECT(.\Objects\main.obj)

line level    source

   1          #include <REGX52.H>
   2          #include "Matrix_LED.h"
   3          
   4          // å®šä¹‰å›¾æ¡ˆæ•°æ®ï¼Œæ³¨æ„æ˜¯æŒ‰åˆ—å¾ªç¯çš„
   5          // ä¸‹é¢è¿™ä¸ªæ•°æ®å¦‚æœä¸åŠ "code"ï¼Œå°±ä¼šå­˜å‚¨åœ¨ç‰‡å†…RAMä¸­ï¼Œå¯èƒ½ä¼šå¯¼è‡´å­˜å‚¨ç©ºé—´ä¸è¶³ã
             -€‚
   6          // æ·»åŠ "code"ä¹‹åï¼Œè¿™ä¸ªæ•°ç»„å°±ä¼šå­˜å‚¨åœ¨ç‰‡å¤–Flashä¸Šï¼Œç©ºé—´å¾ˆå¤§ï¼Œä½†ä¸å…è®¸æ›´æ”¹ã€‚
   7          unsigned char code led_animation[] = 
   8          {0x00,0x00,0x00,0x00,0x00,0x00,0x00,0x00,
   9           0x00,0x0A,0x7E,0x1C,0x7E,0x0E,0x04,0x04,
  10            0x30,0xFB,0xFF,0x3C,0xFF,0xFF,0x34,0x0C,
  11           0x00,0x00,0x00,0x00,0x00,0x00,0x00,0x00};
  12          //
  13          void main(){
  14   1        unsigned char cur_pic[8];
  15   1        unsigned char col=0,offset=0;//å–å‡ºå½“å‰éœ€è¦æ˜¾ç¤ºçš„æ•°æ®
  16   1        unsigned int MAX_OFFSET = sizeof(led_animation)-8;
  17   1        unsigned int cnt_show = 0;//æ˜¾ç¤ºæ¬¡æ•°è®¡æ•°
  18   1        unsigned char MAX_CNT = 15;//æ§åˆ¶æ˜¾ç¤ºé€Ÿç‡
  19   1        MatrixLED_Init(); //LEDç‚¹é˜µå±åˆå§‹åŒ–
  20   1        while(1){
  21   2          for(offset=0;offset<MAX_OFFSET;offset+=8){
  22   3            cnt_show = 0;
  23   3            // å–å‡ºå½“å‰éœ€è¦æ˜¾ç¤ºçš„æ•°æ®
  24   3            for(col=0;col<8;col++){
  25   4              cur_pic[col]=led_animation[col+offset];
  26   4            }
  27   3            // é‡å¤æ˜¾ç¤ºä»¥æ§åˆ¶åŠ¨ç”»é€Ÿåº¦
  28   3            do{
  29   4              MatrixLED_ShowPic(cur_pic);
  30   4              cnt_show++;
  31   4            }while(cnt_show<MAX_CNT);
  32   3          }
  33   2        }
  34   1      }


MODULE INFORMATION:   STATIC OVERLAYABLE
   CODE SIZE        =     97    ----
   CONSTANT SIZE    =     32    ----
   XDATA SIZE       =   ----    ----
   PDATA SIZE       =   ----    ----
   DATA SIZE        =   ----      15
   IDATA SIZE       =   ----    ----
   BIT SIZE         =   ----    ----
END OF MODULE INFORMATION.


C51 COMPILATION COMPLETE.  0 WARNING(S),  0 ERROR(S)
