C51 COMPILER V9.60.7.0   MAIN                                                              03/25/2024 21:21:15 PAGE 1   


C51 COMPILER V9.60.7.0, COMPILATION OF MODULE MAIN
OBJECT MODULE PLACED IN .\Objects\main.obj
COMPILER INVOKED BY: D:\KEIL-C51\C51\BIN\C51.EXE main.c OPTIMIZE(8,SPEED) BROWSE DEBUG OBJECTEXTEND PRINT(.\Listings\mai
                    -n.lst) OBJECT(.\Objects\main.obj)

line level    source

   1          #include <REGX52.H>
   2          #include "LCD1602.h"
   3          #include "Delay.h"
   4          
   5          int Result=0;
   6          
   7          void main()
   8          {
   9   1              LCD_Init();
*** WARNING C206 IN LINE 9 OF main.c: 'LCD_Init': missing function-prototype
  10   1              
  11   1              while(1)
  12   1              {
  13   2                              Result++;
  14   2                        Delay(1000);
*** WARNING C206 IN LINE 14 OF main.c: 'Delay': missing function-prototype
*** ERROR C267 IN LINE 14 OF main.c: 'Delay': requires ANSI-style prototype
  15   2                      LCD_ShowNum(1,1,Result,3);
  16   2              }
  17   1      }

C51 COMPILATION COMPLETE.  2 WARNING(S),  1 ERROR(S)
