C51 COMPILER V9.60.7.0   MAIN                                                              03/25/2024 16:55:22 PAGE 1   


C51 COMPILER V9.60.7.0, COMPILATION OF MODULE MAIN
OBJECT MODULE PLACED IN .\Objects\main.obj
COMPILER INVOKED BY: D:\KEIL-C51\C51\BIN\C51.EXE main.c OPTIMIZE(8,SPEED) BROWSE DEBUG OBJECTEXTEND PRINT(.\Listings\mai
                    -n.lst) OBJECT(.\Objects\main.obj)

line level    source

   1          #include <REGX52.H>
   2          
   3          unsigned char code NixieCode[10]={0x3F,0x06,0x5B,0x4F,0x66,0x6D,0x7D,0x07,0x7F,0x6F}; // 0~9
   4          
   5          void Delay(unsigned int xms)            //@11.0592MHz
   6          {
   7   1              unsigned char i, j;
   8   1          while(xms--)
   9   1          {
  10   2              //_nop_();
  11   2              i = 2;
  12   2              j = 199;
  13   2              do
  14   2              {
  15   3                  while (--j);
  16   3              } while (--i);
  17   2          }
  18   1      
  19   1      }
  20          
  21          void Nixie(unsigned char Location, Number)
  22          {
  23   1          switch(Location)
  24   1          {
  25   2              case 1:P2_4=1;P2_3=1;P2_2=1;break;
  26   2              case 2:P2_4=1;P2_3=1;P2_2=0;break;
  27   2              case 3:P2_4=1;P2_3=0;P2_2=1;break;
  28   2              case 4:P2_4=1;P2_3=0;P2_2=0;break;
  29   2              case 5:P2_4=0;P2_3=1;P2_2=1;break;
  30   2              case 6:P2_4=0;P2_3=1;P2_2=0;break;
  31   2              case 7:P2_4=0;P2_3=0;P2_2=1;break;
  32   2              case 8:P2_4=0;P2_3=0;P2_2=0;break;
  33   2          }
  34   1          P0 = NixieCode[Number];
  35   1          Delay(1);
  36   1          P0 = 0x00;
  37   1      }
  38          
  39          int main()
  40          {
  41   1      
  42   1          while(1)
  43   1          {
  44   2              Nixie(1,1);
  45   2              //Delay(1);
  46   2              Nixie(2,2);
  47   2              //Delay(1);
  48   2              Nixie(3,3);
  49   2              //Delay(1);
  50   2          }
  51   1          
  52   1          return 0;
  53   1      }
*** WARNING C294 IN LINE 52 OF main.c: unreachable code
C51 COMPILER V9.60.7.0   MAIN                                                              03/25/2024 16:55:22 PAGE 2   



MODULE INFORMATION:   STATIC OVERLAYABLE
   CODE SIZE        =    166    ----
   CONSTANT SIZE    =     10    ----
   XDATA SIZE       =   ----    ----
   PDATA SIZE       =   ----    ----
   DATA SIZE        =   ----    ----
   IDATA SIZE       =   ----    ----
   BIT SIZE         =   ----    ----
END OF MODULE INFORMATION.


C51 COMPILATION COMPLETE.  1 WARNING(S),  0 ERROR(S)
