C51 COMPILER V9.54   MAIN                                                                  01/20/2023 17:54:18 PAGE 1   


C51 COMPILER V9.54, COMPILATION OF MODULE MAIN
OBJECT MODULE PLACED IN .\Objects\main.obj
COMPILER INVOKED BY: D:\Keil_v5\C51\BIN\C51.EXE main.c OPTIMIZE(8,SPEED) BROWSE DEBUG OBJECTEXTEND PRINT(.\Listings\main
                    -.lst) TABS(2) OBJECT(.\Objects\main.obj)

line level    source

   1          #include <REGX52.H>
   2          #include "UART.h"
   3          
   4          void main(){
   5   1        UART_Init(); // 串口初始化
   6   1        while(1){}
   7   1      }
   8          
   9          // 串口接收中断子函数
  10          // 注意发送和接收两种中断都会进入到这个子函数中来
  11          void UART_Routine() interrupt 4{
  12   1        if(RI==1){
  13   2          P2 = ~SBUF; // 存储接收到的字节
  14   2          RI = 0; // 软件清空接收完成标志
  15   2          UART_SendByte(SBUF);
  16   2        }
  17   1      }


MODULE INFORMATION:   STATIC OVERLAYABLE
   CODE SIZE        =     76    ----
   CONSTANT SIZE    =   ----    ----
   XDATA SIZE       =   ----    ----
   PDATA SIZE       =   ----    ----
   DATA SIZE        =   ----    ----
   IDATA SIZE       =   ----    ----
   BIT SIZE         =   ----    ----
END OF MODULE INFORMATION.


C51 COMPILATION COMPLETE.  0 WARNING(S),  0 ERROR(S)
