C51 COMPILER V9.54   MAIN                                                                  01/19/2023 21:35:44 PAGE 1   


C51 COMPILER V9.54, COMPILATION OF MODULE MAIN
OBJECT MODULE PLACED IN .\Objects\main.obj
COMPILER INVOKED BY: D:\Keil_v5\C51\BIN\C51.EXE main.c OPTIMIZE(8,SPEED) BROWSE DEBUG OBJECTEXTEND PRINT(.\Listings\main
                    -.lst) TABS(2) OBJECT(.\Objects\main.obj)

line level    source

   1          #include <REGX52.H>
   2          #include "LCD1602.h"
   3          #include "Timer0.h"
   4          
   5          unsigned char hour=23,minute=59,second=50; // 全局变量赋初值
   6          void main(){
   7   1        // 初始化定时器T0
   8   1        Timer0_Init();
   9   1        // 初始化LCD
  10   1        LCD_Init();
  11   1        LCD_ShowString(1,1,"Clock:");
  12   1        LCD_ShowString(2,3,":  :"); // 注意这里可以先全部定义
  13   1        while(1){
  14   2          LCD_ShowNum(2,1,hour,2);
  15   2          LCD_ShowNum(2,4,minute,2);
  16   2          LCD_ShowNum(2,7,second,2);
  17   2        }
  18   1      }
  19          
  20          // 定义定时器T0的中断子函数
  21          void Timer0_Routine() interrupt 1{
  22   1        static unsigned int counter_T0;
  23   1        counter_T0++;
  24   1        TH0 = 0xfc; TL0 = 0x66; // 离溢出近似1ms
  25   1        if(counter_T0>1000){
  26   2          counter_T0 = 0;
  27   2          if(second==59){
  28   3            second = 0;
  29   3            if(minute==59){
  30   4              minute = 0;
  31   4              if(hour==23){hour = 0;}
  32   4              else {hour+=1;}
  33   4            }else{
  34   4              minute+=1;
  35   4            }
  36   3          }else{
  37   3            second+=1;
  38   3          }
  39   2        }
  40   1      }


MODULE INFORMATION:   STATIC OVERLAYABLE
   CODE SIZE        =    178    ----
   CONSTANT SIZE    =     12    ----
   XDATA SIZE       =   ----    ----
   PDATA SIZE       =   ----    ----
   DATA SIZE        =      5    ----
   IDATA SIZE       =   ----    ----
   BIT SIZE         =   ----    ----
END OF MODULE INFORMATION.


C51 COMPILATION COMPLETE.  0 WARNING(S),  0 ERROR(S)
