C51 COMPILER V9.60.7.0   MAIN                                                              03/26/2024 14:02:26 PAGE 1   


C51 COMPILER V9.60.7.0, COMPILATION OF MODULE MAIN
OBJECT MODULE PLACED IN .\Objects\main.obj
COMPILER INVOKED BY: D:\KEIL-C51\C51\BIN\C51.EXE main.c OPTIMIZE(8,SPEED) BROWSE DEBUG OBJECTEXTEND PRINT(.\Listings\mai
                    -n.lst) OBJECT(.\Objects\main.obj)

line level    source

   1          #include <REGX52.H>
   2          
   3          void Delay(unsigned int xms);
   4          void _74HC595_WriteByte(unsigned char byte);
   5          void LED(unsigned char Y,DATA);
   6          void LED_Init();
   7          
   8          
   9          
  10          sbit RCK=P3^5;  //RCLK
  11          sbit SCK=P3^6;  //SRCL
  12          sbit SER=P3^4;  //SER
  13          //????
  14          unsigned char code DH[]=
  15                  {
  16                          0x00,0x0E,0x1B,0x7F,0x7F,0x1B,0x0E,0x00,
  17                          0x00,0x04,0x0C,0x18,0x7F,0x7F,0x1B,0x0E,
  18                          0x00,0x08,0x0C,0x05,0x7F,0x7F,0x1E,0x0C,
  19                          0xC0,0x00,0x41,0x22,0x1A,0x7C,0x7D,0x1A,
  20                          0x00,0x60,0x61,0x12,0x0A,0x7E,0x7F,0x08,
  21                          0x00,0x06,0x0E,0x08,0x0B,0x3E,0x3E,0x0B,
  22                          0x00,0x03,0x0B,0x08,0x0B,0x3E,0x3E,0x0B,
  23                          0x00,0x06,0x0E,0x08,0x09,0x3F,0x3E,0x0B,
  24                          0x00,0x0E,0x13,0x7E,0x7E,0x1F,0x0E,0x00,
  25                          0x08,0x13,0x7E,0x7E,0x12,0x1D,0x0C,0x00,
  26                          0x09,0x12,0x7E,0x7F,0x10,0x13,0x03,0x00,
  27                          0x09,0x12,0x7E,0x7F,0x10,0x1C,0x0C,0x00,
  28                          0x00,0x0C,0x15,0x7E,0x7E,0x17,0x0E,0x00,
  29                          0x00,0x30,0x38,0x0D,0x7E,0x7F,0x1D,0x08,
  30                          0xC0,0xC0,0x30,0x1B,0x7C,0x7F,0x08,0x00,
  31                          0x00,0x00,0x37,0xF8,0xFA,0x34,0x00,0x00,
  32                          0x00,0x00,0x1B,0x7C,0x7C,0x1A,0x01,0x00,
  33                          0x00,0x00,0x09,0x1E,0x7C,0x7F,0x18,0x00,
  34                          0x00,0x00,0x1B,0x7C,0x7C,0x1B,0x00,0x00,
  35                          0x00,0x00,0x09,0x1E,0x7C,0x7F,0x18,0x00,
  36                          0x00,0x00,0x1B,0x7C,0x7C,0x1B,0x00,0x00,
  37                          0x08,0x10,0x16,0x7C,0x7F,0x10,0x08,0x00,
  38                          0x00,0x10,0x13,0x7C,0x7E,0x18,0x00,0x00,
  39                          0x00,0x08,0x13,0x7C,0x7F,0x10,0x10,0x00,
  40                          0x00,0x08,0x12,0xFC,0xFD,0x3A,0x00,0x00,
  41                          0x00,0x08,0x12,0xFC,0xFC,0x22,0x10,0x00,
  42                          0x00,0x00,0x61,0x12,0x7C,0x7F,0x10,0x60,
  43                          0x00,0x00,0x20,0x11,0x12,0x7C,0x7E,0x19,
  44                          0x00,0x00,0x00,0x31,0x0A,0x7C,0x7E,0x0D,
  45                          0x00,0x00,0x20,0x11,0x12,0x7C,0x7E,0x19,
  46                          0x00,0x00,0x00,0x31,0x0A,0x7C,0x7E,0x0D,
  47                          0x00,0x00,0x20,0x11,0x12,0x7C,0x7E,0x19,
  48                          0x00,0x00,0x00,0x31,0x0A,0x7C,0x7E,0x0D,
  49                          0x00,0x00,0x20,0x11,0x12,0x7C,0x7E,0x19,
  50                          0x00,0x00,0x00,0x31,0x0A,0x7C,0x7E,0x0D,
  51                  };
  52          
  53                  void main()
  54          {
C51 COMPILER V9.60.7.0   MAIN                                                              03/26/2024 14:02:26 PAGE 2   

  55   1              unsigned char i,py=0,pl=0;
  56   1              LED_Init();
  57   1              while(1)
  58   1              {
  59   2                      for(i=0;i<8;i++)
  60   2                      {
  61   3                              LED(i,DH[i+py]);
  62   3                      }
  63   2                      pl++;
  64   2                      if(pl>25)
  65   2                      {
  66   3                              pl=0;
  67   3                              py+=8;
  68   3                              if(py>10000)
  69   3                              {
  70   4                                      py=0;
  71   4                              }
  72   3                      }
  73   2      
  74   2              }
  75   1      }
  76          //??xms
  77          void Delay(unsigned int xms)
  78          {
  79   1      
  80   1                      while(xms--)
  81   1                      {
  82   2                                              unsigned char i, j;
  83   2      
  84   2                              i = 2;
  85   2                              j = 199;
  86   2                              do
  87   2                              {
  88   3                                      while (--j);
  89   3                              } while (--i);
  90   2              
  91   2                      }
  92   1      }
  93          void _74HC595_WriteByte(unsigned char byte)
  94          {
  95   1              unsigned char i;
  96   1              for(i=0;i<8;i++)
  97   1              {
  98   2                      SER=byte&(0x80>>i);
  99   2                      SCK=1;
 100   2                      SCK=0;
 101   2              }
 102   1                      RCK=1;
 103   1                      RCK=0;
 104   1      }
 105          //led????
 106          void LED(unsigned char Y,DATA)
 107          {
 108   1              _74HC595_WriteByte(DATA);
 109   1              P0=~(0X80>>Y);
 110   1              Delay(1);
 111   1              P0=0XFF;
 112   1      }
 113          //led???
 114          void LED_Init()
 115          {
 116   1                      SCK=0;
C51 COMPILER V9.60.7.0   MAIN                                                              03/26/2024 14:02:26 PAGE 3   

 117   1                      RCK=0;
 118   1      }
 119          
 120          


MODULE INFORMATION:   STATIC OVERLAYABLE
   CODE SIZE        =    189    ----
   CONSTANT SIZE    =    280    ----
   XDATA SIZE       =   ----    ----
   PDATA SIZE       =   ----    ----
   DATA SIZE        =   ----       5
   IDATA SIZE       =   ----    ----
   BIT SIZE         =   ----    ----
END OF MODULE INFORMATION.


C51 COMPILATION COMPLETE.  0 WARNING(S),  0 ERROR(S)
