C51 COMPILER V9.60.7.0   MATRIXLED                                                         03/26/2024 13:57:39 PAGE 1   


C51 COMPILER V9.60.7.0, COMPILATION OF MODULE MATRIXLED
OBJECT MODULE PLACED IN .\Objects\MatrixLED.obj
COMPILER INVOKED BY: D:\KEIL-C51\C51\BIN\C51.EXE MatrixLED.c OPTIMIZE(8,SPEED) BROWSE DEBUG OBJECTEXTEND PRINT(.\Listing
                    -s\MatrixLED.lst) OBJECT(.\Objects\MatrixLED.obj)

line level    source

   1          #include <REGX52.H>
   2          #include "Delay.h"
   3           
   4          sbit RCK = P3^5;
   5          sbit SCK = P3^6;
   6          sbit SER = P3^4;
   7           
   8          #define MATRIX_LED_PORT    P0
   9          /**
  10                  * @brief 74HC595??????
  11                  * @param ??????
  12                  * @retval ?
  13            */
  14          void _74HC595_WriteByte(unsigned char Byte)
  15          {
  16   1              unsigned char i;
  17   1              for(i=0;i<8;i++)
  18   1              {
  19   2                      SER = Byte&(0x80>>i);
  20   2                      SCK = 1;
  21   2                      SCK = 0;
  22   2              }
  23   1              RCK = 1;
  24   1              RCK = 0;
  25   1      }
  26          /**
  27                  * @brief  LED?????????
  28                  * @param  Column????,??:0~7,0????
  29                  * @param        Data????????,????,1??,0??
  30                  * @retval ?
  31            */
  32          void MatrixLED_ShowColumn(unsigned char Column,Data)
  33          {
  34   1              _74HC595_WriteByte(Data);
  35   1              MATRIX_LED_PORT = ~(0x80>>Column);
  36   1              Delay(1);
  37   1              MATRIX_LED_PORT = 0xff;
  38   1      }
  39           
  40          void MatrixLED_Init()
  41          {
  42   1              SCK = 0;
  43   1              RCK = 0;
  44   1      }


MODULE INFORMATION:   STATIC OVERLAYABLE
   CODE SIZE        =     84    ----
   CONSTANT SIZE    =   ----    ----
   XDATA SIZE       =   ----    ----
   PDATA SIZE       =   ----    ----
   DATA SIZE        =   ----    ----
   IDATA SIZE       =   ----    ----
   BIT SIZE         =   ----    ----
C51 COMPILER V9.60.7.0   MATRIXLED                                                         03/26/2024 13:57:39 PAGE 2   

END OF MODULE INFORMATION.


C51 COMPILATION COMPLETE.  0 WARNING(S),  0 ERROR(S)
