C51 COMPILER V9.60.7.0   UART                                                              03/26/2024 15:15:08 PAGE 1   


C51 COMPILER V9.60.7.0, COMPILATION OF MODULE UART
OBJECT MODULE PLACED IN .\Objects\UART.obj
COMPILER INVOKED BY: D:\KEIL-C51\C51\BIN\C51.EXE UART.c OPTIMIZE(8,SPEED) BROWSE DEBUG OBJECTEXTEND PRINT(.\Listings\UAR
                    -T.lst) OBJECT(.\Objects\UART.obj)

line level    source

   1          #include <REGX52.H>
   2          
   3          /**
   4            * @brief :串口通信初始化，4800bps@11.0592MHz
   5            * @param :无
   6            * @retval :无
   7           */
   8          void UART_Init(){
   9   1        SCON = 0x40; // 串口控制寄存器，暂时接收不使能
  10   1        PCON &= 0x7f; // 波特率选择特殊功能寄存器
  11   1        
  12   1        // 发送数据不需要开启中断，接收数据才需要
  13   1        
  14   1        // 下面配置定时器，用于波特率设置
  15   1        // 注：串口只能用定时器T1（8位自动重装模式）
  16   1        TMOD&=0x0F;TMOD|=0x20; //设置定时器模式
  17   1              TL1 = 0x66;  //设置定时初始值
  18   1              TH1 = 0xFA;  //设置定时初始值
  19   1              ET1 = 0;                 //禁止定时器中断，只要有溢出就可以生成波特率
  20   1              TR1 = 1;                 //定时器1开始计时
  21   1      }
  22          
  23          /**
  24            * @brief :通过串口发送8位数据
  25            * @param :需要发送的8位数据
  26            * @retval :无。但函数会直到该字节发送完成才返回。
  27           */
  28          void UART_SendByte(unsigned char Byte){
  29   1        SBUF = Byte;
  30   1        while(TI==0); // 等待发送完毕
  31   1        TI = 0; // 软件复位
  32   1      }


MODULE INFORMATION:   STATIC OVERLAYABLE
   CODE SIZE        =     31    ----
   CONSTANT SIZE    =   ----    ----
   XDATA SIZE       =   ----    ----
   PDATA SIZE       =   ----    ----
   DATA SIZE        =   ----    ----
   IDATA SIZE       =   ----    ----
   BIT SIZE         =   ----    ----
END OF MODULE INFORMATION.


C51 COMPILATION COMPLETE.  0 WARNING(S),  0 ERROR(S)
