C51 COMPILER V9.60.7.0   MAIN                                                              03/17/2024 15:56:58 PAGE 1   


C51 COMPILER V9.60.7.0, COMPILATION OF MODULE MAIN
OBJECT MODULE PLACED IN .\Objects\main.obj
COMPILER INVOKED BY: D:\KEIL-C51\C51\BIN\C51.EXE main.c OPTIMIZE(8,SPEED) BROWSE DEBUG OBJECTEXTEND PRINT(.\Listings\mai
                    -n.lst) TABS(2) OBJECT(.\Objects\main.obj)

line level    source

   1          #include <REGX52.H>
   2          #include <INTRINS.H>
   3          
   4          int main()
   5          {
   6   1        while(1)
   7   1        {
   8   2          P2 = 0xFE; // 1111 1110 
   9   2          Delay500ms();
*** WARNING C206 IN LINE 9 OF main.c: 'Delay500ms': missing function-prototype
  10   2            P2 = 0xFD; // 1111 1101 
  11   2          Delay500ms();   
  12   2          P2 = 0xFB; // 1111 1011
  13   2          Delay500ms();
  14   2          P2 = 0xF7; // 1111 0111
  15   2          Delay500ms();
  16   2          P2 = 0xEF; // 1110 1111
  17   2          Delay500ms();
  18   2          P2 = 0xDF; // 1101 1111
  19   2          Delay500ms();
  20   2          P2 = 0xBF; // 1011 1111
  21   2          Delay500ms();
  22   2          P2 = 0x7F; // 0111 1111
  23   2        }
  24   1      }


MODULE INFORMATION:   STATIC OVERLAYABLE
   CODE SIZE        =     47    ----
   CONSTANT SIZE    =   ----    ----
   XDATA SIZE       =   ----    ----
   PDATA SIZE       =   ----    ----
   DATA SIZE        =   ----    ----
   IDATA SIZE       =   ----    ----
   BIT SIZE         =   ----    ----
END OF MODULE INFORMATION.


C51 COMPILATION COMPLETE.  1 WARNING(S),  0 ERROR(S)
