C51 COMPILER V9.60.7.0   MAIN                                                              03/26/2024 20:55:57 PAGE 1   


C51 COMPILER V9.60.7.0, COMPILATION OF MODULE MAIN
OBJECT MODULE PLACED IN .\Objects\main.obj
COMPILER INVOKED BY: D:\KEIL-C51\C51\BIN\C51.EXE main.c OPTIMIZE(8,SPEED) BROWSE DEBUG OBJECTEXTEND PRINT(.\Listings\mai
                    -n.lst) OBJECT(.\Objects\main.obj)

line level    source

   1          #include <REGX52.H>
   2          #include "Matrix_LED.h"
   3          // 定义图案数据，注意是按列循环的
   4          unsigned char led_face[8] = 
   5          {0xc0,0xdb,0xd9,0xc5,0xc5,0xd9,0xdb,0xc0};
   6          //            {{1,1,1,1,1,1,1,1},
   7          //             {1,1,1,1,1,1,1,1},
   8          //             {0,0,0,0,0,0,0,0},
   9          //             {0,1,1,0,0,1,1,0},
  10          //
  11          //             {0,1,1,0,0,1,1,0},
  12          //             {0,0,0,1,1,0,0,0},
  13          //             {0,1,0,0,0,0,1,0},
  14          //             {0,1,1,1,1,1,1,0},};
  15          
  16          void main(){
  17   1        unsigned char i;
  18   1        P3_5 = 0; P3_6 = 0; // 对移动寄存器时钟复位
  19   1        while(1){
  20   2          for(i=0;i<8;i++){
  21   3            MatrixLED_ShowColumn(i,led_face[i]);
  22   3          }
  23   2        }
  24   1      }


MODULE INFORMATION:   STATIC OVERLAYABLE
   CODE SIZE        =     32    ----
   CONSTANT SIZE    =   ----    ----
   XDATA SIZE       =   ----    ----
   PDATA SIZE       =   ----    ----
   DATA SIZE        =      8       1
   IDATA SIZE       =   ----    ----
   BIT SIZE         =   ----    ----
END OF MODULE INFORMATION.


C51 COMPILATION COMPLETE.  0 WARNING(S),  0 ERROR(S)
