C51 COMPILER V9.60.7.0   MAIN                                                              03/26/2024 12:36:09 PAGE 1   


C51 COMPILER V9.60.7.0, COMPILATION OF MODULE MAIN
OBJECT MODULE PLACED IN .\Objects\main.obj
COMPILER INVOKED BY: D:\KEIL-C51\C51\BIN\C51.EXE main.c OPTIMIZE(8,SPEED) BROWSE DEBUG OBJECTEXTEND PRINT(.\Listings\mai
                    -n.lst) OBJECT(.\Objects\main.obj)

line level    source

   1          #include <REGX52.H>
   2          #include <INTRINS.H> // ä½¿ç”¨å¾ªçŽ¯å·¦ç§»å‡½æ•°_rcol_()
   3          #include "Timer0.h"
   4          #include "Delay.h"
   5          #include "PushKey.h"
   6          
   7          unsigned char LED_model = 0; // å®šä¹‰æµæ°´ç¯æ–¹å‘ï¼Œé»˜è®¤å·¦ç§»
   8          
   9          void main()
  10          {
  11   1        unsigned char key = 0; // æŒ‰é”®å¼€å…³
  12   1        Timer0_Init();         // å®šæ—¶å™¨T0åˆå§‹åŒ–
  13   1        P2 = 0xfe;             // åˆå§‹åŒ–æµæ°´ç¯
  14   1        while (1)
  15   1        {
  16   2          key = PushKey();
  17   2          if (key == 1)
  18   2          {
  19   3            LED_model = (LED_model == 0) ? 1 : 0;
  20   3          }
  21   2        }
  22   1      }
  23          
  24          // å®šä¹‰å®šæ—¶å™¨T0ä¸­æ–­åŽè¦æ‰§è¡Œçš„åŠ¨ä½œ
  25          void Timer0_Rountine() interrupt 1
  26          {
  27   1        static unsigned int count_T0; // é™æ€å±€éƒ¨å˜é‡ï¼Œç”Ÿå‘½å‘¨æœŸä¸Žå…¨å±€å˜é‡ä¸€æ ·ï¼Œä½†ä½œç”¨åŸŸä»
             -…é™æ­¤å‡½æ•°
  28   1        count_T0++;                   // å¯¹ä¸­æ–­è¿‡ç¨‹è¿›è¡Œè®¡æ•°
  29   1        TH0 = 0xfc;
  30   1        TL0 = 0x66; // è·ç¦»ä¸‹ä¸€æ¬¡æº¢å‡ºè¿‘ä¼¼1ms
  31   1        if (count_T0 > 500)
  32   1        {
  33   2          count_T0 = 0;
  34   2          P2 = LED_model ? _cror_(P2, 1) : _crol_(P2, 1);
  35   2        }
  36   1      }


MODULE INFORMATION:   STATIC OVERLAYABLE
   CODE SIZE        =    226    ----
   CONSTANT SIZE    =   ----    ----
   XDATA SIZE       =   ----    ----
   PDATA SIZE       =   ----    ----
   DATA SIZE        =      3    ----
   IDATA SIZE       =   ----    ----
   BIT SIZE         =   ----    ----
END OF MODULE INFORMATION.


C51 COMPILATION COMPLETE.  0 WARNING(S),  0 ERROR(S)
