C51 COMPILER V9.60.7.0   MAIN                                                              03/24/2024 15:51:51 PAGE 1   


C51 COMPILER V9.60.7.0, COMPILATION OF MODULE MAIN
OBJECT MODULE PLACED IN .\Objects\main.obj
COMPILER INVOKED BY: D:\KEIL-C51\C51\BIN\C51.EXE main.c OPTIMIZE(8,SPEED) BROWSE DEBUG OBJECTEXTEND PRINT(.\Listings\mai
                    -n.lst) OBJECT(.\Objects\main.obj)

line level    source

   1          #include <REGX52.H>
   2          unsigned char LEDNum=0;
   3          void Delay(unsigned int xms)            //@11.0592MHz
   4          {
   5   1              unsigned char i, j;
   6   1          while(xms--)
   7   1          {
   8   2              //_nop_();
   9   2              i = 2;
  10   2              j = 199;
  11   2              do
  12   2              {
  13   3                  while (--j);
  14   3              } while (--i);
  15   2          }
  16   1      
  17   1      }
  18          
  19          int main()
  20          {
  21   1          P2 = ~0x01;
  22   1          while(1)
  23   1          {
  24   2              if(P3_1==0)
  25   2              {
  26   3                  Delay(20);
  27   3                  while(P3_1==0);
  28   3                  Delay(20);
  29   3                  
  30   3                  LEDNum++;
  31   3                  if(LEDNum>=8)
  32   3                      LEDNum=0;
  33   3                  P2 = ~(0x01<<LEDNum);
  34   3              }
  35   2              if(P3_0==0)
  36   2              {
  37   3                  Delay(20);
  38   3                  while(P3_0==0);
  39   3                  Delay(20);
  40   3                  
  41   3                  if(LEDNum == 0)
  42   3                      LEDNum = 7;
  43   3                  else
  44   3                      LEDNum--;
  45   3                  
  46   3                  P2 = ~(0x01<<LEDNum);
  47   3              }
  48   2          }
  49   1      }


MODULE INFORMATION:   STATIC OVERLAYABLE
   CODE SIZE        =    109    ----
   CONSTANT SIZE    =   ----    ----
C51 COMPILER V9.60.7.0   MAIN                                                              03/24/2024 15:51:51 PAGE 2   

   XDATA SIZE       =   ----    ----
   PDATA SIZE       =   ----    ----
   DATA SIZE        =      1    ----
   IDATA SIZE       =   ----    ----
   BIT SIZE         =   ----    ----
END OF MODULE INFORMATION.


C51 COMPILATION COMPLETE.  0 WARNING(S),  0 ERROR(S)
